2025-03-30T20:33:54,098 [main] INFO  org.apache.curator.framework.imps.CuratorFrameworkImpl - Starting
2025-03-30T20:33:54,116 [main] INFO  org.apache.zookeeper.ZooKeeper - Client environment:zookeeper.version=3.7.2-c06c7c8a3e95779d4becb1938b378596e3b420d0, built on 2023-10-06 09:51 UTC
2025-03-30T20:33:54,116 [main] INFO  org.apache.zookeeper.ZooKeeper - Client environment:host.name=huweihundiannao
2025-03-30T20:33:54,116 [main] INFO  org.apache.zookeeper.ZooKeeper - Client environment:java.version=17.0.9
2025-03-30T20:33:54,116 [main] INFO  org.apache.zookeeper.ZooKeeper - Client environment:java.vendor=Amazon.com Inc.
2025-03-30T20:33:54,116 [main] INFO  org.apache.zookeeper.ZooKeeper - Client environment:java.home=/Users/huweihua/Library/Java/JavaVirtualMachines/corretto-17.0.9/Contents/Home
2025-03-30T20:33:54,116 [main] INFO  org.apache.zookeeper.ZooKeeper - Client environment:java.class.path=/Users/huweihua/java/java-rpc/java-rpc/rpc-consumer/target/classes:/Users/huweihua/java/java-rpc/java-rpc/rpc-api/target/classes:/Users/huweihua/java/java-rpc/java-rpc/rpc-common/target/classes:/Users/huweihua/java/java-rpc/java-rpc/rpc-core/target/classes:/Users/huweihua/.m2/repository/org/apache/curator/curator-framework/5.6.0/curator-framework-5.6.0.jar:/Users/huweihua/.m2/repository/org/apache/curator/curator-client/5.6.0/curator-client-5.6.0.jar:/Users/huweihua/.m2/repository/org/apache/zookeeper/zookeeper/3.7.2/zookeeper-3.7.2.jar:/Users/huweihua/.m2/repository/org/apache/zookeeper/zookeeper-jute/3.7.2/zookeeper-jute-3.7.2.jar:/Users/huweihua/.m2/repository/org/apache/yetus/audience-annotations/0.12.0/audience-annotations-0.12.0.jar:/Users/huweihua/.m2/repository/io/netty/netty-handler/4.1.94.Final/netty-handler-4.1.94.Final.jar:/Users/huweihua/.m2/repository/io/netty/netty-common/4.1.94.Final/netty-common-4.1.94.Final.jar:/Users/huweihua/.m2/repository/io/netty/netty-resolver/4.1.94.Final/netty-resolver-4.1.94.Final.jar:/Users/huweihua/.m2/repository/io/netty/netty-buffer/4.1.94.Final/netty-buffer-4.1.94.Final.jar:/Users/huweihua/.m2/repository/io/netty/netty-transport/4.1.94.Final/netty-transport-4.1.94.Final.jar:/Users/huweihua/.m2/repository/io/netty/netty-transport-native-unix-common/4.1.94.Final/netty-transport-native-unix-common-4.1.94.Final.jar:/Users/huweihua/.m2/repository/io/netty/netty-codec/4.1.94.Final/netty-codec-4.1.94.Final.jar:/Users/huweihua/.m2/repository/io/netty/netty-transport-native-epoll/4.1.94.Final/netty-transport-native-epoll-4.1.94.Final.jar:/Users/huweihua/.m2/repository/io/netty/netty-transport-classes-epoll/4.1.94.Final/netty-transport-classes-epoll-4.1.94.Final.jar:/Users/huweihua/.m2/repository/org/apache/curator/curator-recipes/5.6.0/curator-recipes-5.6.0.jar:/Users/huweihua/.m2/repository/org/jetbrains/annotations/17.0.0/annotations-17.0.0.jar:/Users/huweihua/.m2/repository/cn/hutool/hutool-all/5.8.10/hutool-all-5.8.10.jar:/Users/huweihua/.m2/repository/org/projectlombok/lombok/1.18.30/lombok-1.18.30.jar:/Users/huweihua/.m2/repository/io/netty/netty-all/4.1.51.Final/netty-all-4.1.51.Final.jar:/Users/huweihua/.m2/repository/com/alibaba/fastjson/1.2.83/fastjson-1.2.83.jar:/Users/huweihua/.m2/repository/com/esotericsoftware/kryo/4.0.2/kryo-4.0.2.jar:/Users/huweihua/.m2/repository/com/esotericsoftware/reflectasm/1.11.3/reflectasm-1.11.3.jar:/Users/huweihua/.m2/repository/org/ow2/asm/asm/5.0.4/asm-5.0.4.jar:/Users/huweihua/.m2/repository/com/esotericsoftware/minlog/1.3.0/minlog-1.3.0.jar:/Users/huweihua/.m2/repository/org/objenesis/objenesis/2.5.1/objenesis-2.5.1.jar:/Users/huweihua/.m2/repository/com/caucho/hessian/4.0.66/hessian-4.0.66.jar:/Users/huweihua/.m2/repository/io/protostuff/protostuff-core/1.7.4/protostuff-core-1.7.4.jar:/Users/huweihua/.m2/repository/io/protostuff/protostuff-api/1.7.4/protostuff-api-1.7.4.jar:/Users/huweihua/.m2/repository/io/protostuff/protostuff-runtime/1.7.4/protostuff-runtime-1.7.4.jar:/Users/huweihua/.m2/repository/io/protostuff/protostuff-collectionschema/1.7.4/protostuff-collectionschema-1.7.4.jar:/Users/huweihua/.m2/repository/com/github/rholder/guava-retrying/2.0.0/guava-retrying-2.0.0.jar:/Users/huweihua/.m2/repository/com/google/guava/guava/33.4.6-jre/guava-33.4.6-jre.jar:/Users/huweihua/.m2/repository/com/google/guava/failureaccess/1.0.3/failureaccess-1.0.3.jar:/Users/huweihua/.m2/repository/com/google/guava/listenablefuture/9999.0-empty-to-avoid-conflict-with-guava/listenablefuture-9999.0-empty-to-avoid-conflict-with-guava.jar:/Users/huweihua/.m2/repository/org/jspecify/jspecify/1.0.0/jspecify-1.0.0.jar:/Users/huweihua/.m2/repository/com/google/errorprone/error_prone_annotations/2.36.0/error_prone_annotations-2.36.0.jar:/Users/huweihua/.m2/repository/com/google/j2objc/j2objc-annotations/3.0.0/j2objc-annotations-3.0.0.jar:/Users/huweihua/.m2/repository/com/google/code/findbugs/jsr305/2.0.2/jsr305-2.0.2.jar:/Users/huweihua/.m2/repository/org/apache/logging/log4j/log4j-core/2.23.1/log4j-core-2.23.1.jar:/Users/huweihua/.m2/repository/org/apache/logging/log4j/log4j-api/2.23.1/log4j-api-2.23.1.jar:/Users/huweihua/.m2/repository/org/apache/logging/log4j/log4j-slf4j2-impl/2.23.1/log4j-slf4j2-impl-2.23.1.jar:/Users/huweihua/.m2/repository/org/slf4j/slf4j-api/2.0.9/slf4j-api-2.0.9.jar
2025-03-30T20:33:54,117 [main] INFO  org.apache.zookeeper.ZooKeeper - Client environment:java.library.path=/Users/huweihua/Library/Java/Extensions:/Library/Java/Extensions:/Network/Library/Java/Extensions:/System/Library/Java/Extensions:/usr/lib/java:.
2025-03-30T20:33:54,117 [main] INFO  org.apache.zookeeper.ZooKeeper - Client environment:java.io.tmpdir=/var/folders/ng/51cn4mtn73j24nkc6t94jcm80000gn/T/
2025-03-30T20:33:54,117 [main] INFO  org.apache.zookeeper.ZooKeeper - Client environment:java.compiler=<NA>
2025-03-30T20:33:54,117 [main] INFO  org.apache.zookeeper.ZooKeeper - Client environment:os.name=Mac OS X
2025-03-30T20:33:54,117 [main] INFO  org.apache.zookeeper.ZooKeeper - Client environment:os.arch=aarch64
2025-03-30T20:33:54,117 [main] INFO  org.apache.zookeeper.ZooKeeper - Client environment:os.version=13.0
2025-03-30T20:33:54,117 [main] INFO  org.apache.zookeeper.ZooKeeper - Client environment:user.name=huweihua
2025-03-30T20:33:54,117 [main] INFO  org.apache.zookeeper.ZooKeeper - Client environment:user.home=/Users/huweihua
2025-03-30T20:33:54,117 [main] INFO  org.apache.zookeeper.ZooKeeper - Client environment:user.dir=/Users/huweihua/java/java-rpc
2025-03-30T20:33:54,117 [main] INFO  org.apache.zookeeper.ZooKeeper - Client environment:os.memory.free=234MB
2025-03-30T20:33:54,117 [main] INFO  org.apache.zookeeper.ZooKeeper - Client environment:os.memory.max=4096MB
2025-03-30T20:33:54,118 [main] INFO  org.apache.zookeeper.ZooKeeper - Client environment:os.memory.total=260MB
2025-03-30T20:33:54,123 [main] INFO  org.apache.zookeeper.ZooKeeper - Initiating client connection, connectString=127.0.0.1:2182 sessionTimeout=40000 watcher=org.apache.curator.ConnectionState@76a2ddf3
2025-03-30T20:33:54,125 [main] INFO  org.apache.zookeeper.common.X509Util - Setting -D jdk.tls.rejectClientInitiatedRenegotiation=true to disable client-initiated TLS renegotiation
2025-03-30T20:33:54,126 [main] INFO  org.apache.zookeeper.ClientCnxnSocket - jute.maxbuffer value is 1048575 Bytes
2025-03-30T20:33:54,129 [main] INFO  org.apache.zookeeper.ClientCnxn - zookeeper.request.timeout value is 0. feature enabled=false
2025-03-30T20:33:54,133 [main-SendThread(127.0.0.1:2182)] INFO  org.apache.zookeeper.ClientCnxn - Opening socket connection to server localhost/127.0.0.1:2182.
2025-03-30T20:33:54,133 [main-SendThread(127.0.0.1:2182)] INFO  org.apache.zookeeper.ClientCnxn - SASL config status: Will not attempt to authenticate using SASL (unknown error)
2025-03-30T20:33:54,134 [main] INFO  org.apache.curator.framework.imps.CuratorFrameworkImpl - Default schema
2025-03-30T20:33:54,137 [main-SendThread(127.0.0.1:2182)] INFO  org.apache.zookeeper.ClientCnxn - Socket connection established, initiating session, client: /127.0.0.1:62783, server: localhost/127.0.0.1:2182
2025-03-30T20:33:54,140 [main] INFO  org.apache.curator.utils.Compatibility - Using org.apache.zookeeper.server.quorum.MultipleAddresses
2025-03-30T20:33:54,142 [main-SendThread(127.0.0.1:2182)] INFO  org.apache.zookeeper.ClientCnxn - Session establishment complete on server localhost/127.0.0.1:2182, session id = 0x100000014430018, negotiated timeout = 40000
2025-03-30T20:33:54,143 [main] INFO  org.apache.curator.framework.imps.CuratorFrameworkImpl - Starting
2025-03-30T20:33:54,143 [main] INFO  org.apache.zookeeper.ZooKeeper - Initiating client connection, connectString=127.0.0.1:2182 sessionTimeout=40000 watcher=org.apache.curator.ConnectionState@2b4c1d96
2025-03-30T20:33:54,144 [main] INFO  org.apache.zookeeper.ClientCnxnSocket - jute.maxbuffer value is 1048575 Bytes
2025-03-30T20:33:54,144 [main] INFO  org.apache.zookeeper.ClientCnxn - zookeeper.request.timeout value is 0. feature enabled=false
2025-03-30T20:33:54,144 [main-EventThread] INFO  org.apache.curator.framework.state.ConnectionStateManager - State change: CONNECTED
2025-03-30T20:33:54,144 [main] INFO  org.apache.curator.framework.imps.CuratorFrameworkImpl - Default schema
2025-03-30T20:33:54,145 [main-SendThread(127.0.0.1:2182)] INFO  org.apache.zookeeper.ClientCnxn - Opening socket connection to server localhost/127.0.0.1:2182.
2025-03-30T20:33:54,145 [main-SendThread(127.0.0.1:2182)] INFO  org.apache.zookeeper.ClientCnxn - SASL config status: Will not attempt to authenticate using SASL (unknown error)
2025-03-30T20:33:54,146 [main-SendThread(127.0.0.1:2182)] INFO  org.apache.zookeeper.ClientCnxn - Socket connection established, initiating session, client: /127.0.0.1:62784, server: localhost/127.0.0.1:2182
2025-03-30T20:33:54,149 [main-EventThread] INFO  org.apache.curator.framework.imps.EnsembleTracker - New config event received: {}
2025-03-30T20:33:54,150 [main-SendThread(127.0.0.1:2182)] INFO  org.apache.zookeeper.ClientCnxn - Session establishment complete on server localhost/127.0.0.1:2182, session id = 0x100000014430019, negotiated timeout = 40000
2025-03-30T20:33:54,150 [main-EventThread] INFO  org.apache.curator.framework.imps.EnsembleTracker - New config event received: {}
2025-03-30T20:33:54,150 [main-EventThread] INFO  org.apache.curator.framework.state.ConnectionStateManager - State change: CONNECTED
2025-03-30T20:33:54,151 [main-EventThread] INFO  org.apache.curator.framework.imps.EnsembleTracker - New config event received: {}
2025-03-30T20:33:54,158 [main-EventThread] INFO  org.apache.curator.framework.imps.EnsembleTracker - New config event received: {}
2025-03-30T20:33:54,172 [Curator-SafeNotifyService-0] INFO  com.weihua.client.cache.ServiceCache - 将name为com.weihua.service.UserService和地址为localhost:9999的服务添加到本地缓存中
2025-03-30T20:33:54,172 [Curator-SafeNotifyService-0] INFO  com.weihua.client.cache.ServiceCache - 将name为com.weihua.service.UserService和地址为localhost:9999的服务添加到本地缓存中
2025-03-30T20:33:54,500 [pool-2-thread-13] INFO  com.weihua.client.rpcClient.impl.NettyRpcClient - RpcResponse(code=200, message=null, data=User(id=12, userName=f008d113-44ca-4529-93c9-3ab43b476364, sex=false), datatype=class com.weihua.pojo.User)
2025-03-30T20:33:54,500 [pool-2-thread-14] INFO  com.weihua.client.rpcClient.impl.NettyRpcClient - RpcResponse(code=200, message=null, data=User(id=13, userName=32cbdfd4-43a6-4e74-a74d-c85af50e963f, sex=false), datatype=class com.weihua.pojo.User)
2025-03-30T20:33:54,501 [pool-2-thread-13] INFO  com.weihua.consumer.ConsumerTest - 从服务端得到的user=User(id=12, userName=f008d113-44ca-4529-93c9-3ab43b476364, sex=false)
2025-03-30T20:33:54,501 [pool-2-thread-14] INFO  com.weihua.consumer.ConsumerTest - 从服务端得到的user=User(id=13, userName=32cbdfd4-43a6-4e74-a74d-c85af50e963f, sex=false)
2025-03-30T20:33:54,501 [pool-2-thread-2] INFO  com.weihua.client.rpcClient.impl.NettyRpcClient - RpcResponse(code=200, message=null, data=User(id=1, userName=729309be-7919-4fe8-8151-c613f50ccc9f, sex=true), datatype=class com.weihua.pojo.User)
2025-03-30T20:33:54,501 [pool-2-thread-20] INFO  com.weihua.client.rpcClient.impl.NettyRpcClient - RpcResponse(code=200, message=null, data=User(id=19, userName=7de6a306-79cc-4154-9c3f-5af063fa6b57, sex=true), datatype=class com.weihua.pojo.User)
2025-03-30T20:33:54,501 [pool-2-thread-2] INFO  com.weihua.consumer.ConsumerTest - 从服务端得到的user=User(id=1, userName=729309be-7919-4fe8-8151-c613f50ccc9f, sex=true)
2025-03-30T20:33:54,501 [pool-2-thread-20] INFO  com.weihua.consumer.ConsumerTest - 从服务端得到的user=User(id=19, userName=7de6a306-79cc-4154-9c3f-5af063fa6b57, sex=true)
2025-03-30T20:33:54,501 [pool-2-thread-10] INFO  com.weihua.client.rpcClient.impl.NettyRpcClient - RpcResponse(code=200, message=null, data=User(id=9, userName=d89dd8b3-0af0-44c3-87d7-fcde79f6f1ce, sex=false), datatype=class com.weihua.pojo.User)
2025-03-30T20:33:54,501 [pool-2-thread-10] INFO  com.weihua.consumer.ConsumerTest - 从服务端得到的user=User(id=9, userName=d89dd8b3-0af0-44c3-87d7-fcde79f6f1ce, sex=false)
2025-03-30T20:33:54,501 [pool-2-thread-19] INFO  com.weihua.client.rpcClient.impl.NettyRpcClient - RpcResponse(code=200, message=null, data=User(id=18, userName=1f34f04c-d4eb-44d5-9353-2705802c0198, sex=false), datatype=class com.weihua.pojo.User)
2025-03-30T20:33:54,501 [pool-2-thread-4] INFO  com.weihua.client.rpcClient.impl.NettyRpcClient - RpcResponse(code=200, message=null, data=User(id=3, userName=628f5993-6df0-44e2-86d0-c6177b0dee20, sex=false), datatype=class com.weihua.pojo.User)
2025-03-30T20:33:54,501 [pool-2-thread-7] INFO  com.weihua.client.rpcClient.impl.NettyRpcClient - RpcResponse(code=200, message=null, data=User(id=6, userName=b596a0f9-bb5b-4068-bec3-05e287e3c638, sex=false), datatype=class com.weihua.pojo.User)
2025-03-30T20:33:54,500 [pool-2-thread-15] INFO  com.weihua.client.rpcClient.impl.NettyRpcClient - RpcResponse(code=200, message=null, data=User(id=14, userName=7b3a5a86-a7c0-45b8-8677-94dda5ffdaa7, sex=false), datatype=class com.weihua.pojo.User)
2025-03-30T20:33:54,501 [pool-2-thread-19] INFO  com.weihua.consumer.ConsumerTest - 从服务端得到的user=User(id=18, userName=1f34f04c-d4eb-44d5-9353-2705802c0198, sex=false)
2025-03-30T20:33:54,501 [pool-2-thread-15] INFO  com.weihua.consumer.ConsumerTest - 从服务端得到的user=User(id=14, userName=7b3a5a86-a7c0-45b8-8677-94dda5ffdaa7, sex=false)
2025-03-30T20:33:54,501 [pool-2-thread-8] INFO  com.weihua.client.rpcClient.impl.NettyRpcClient - RpcResponse(code=200, message=null, data=User(id=7, userName=55a5c497-5f48-4ba2-99cf-996013f445e2, sex=false), datatype=class com.weihua.pojo.User)
2025-03-30T20:33:54,501 [pool-2-thread-7] INFO  com.weihua.consumer.ConsumerTest - 从服务端得到的user=User(id=6, userName=b596a0f9-bb5b-4068-bec3-05e287e3c638, sex=false)
2025-03-30T20:33:54,502 [pool-2-thread-18] INFO  com.weihua.client.rpcClient.impl.NettyRpcClient - RpcResponse(code=200, message=null, data=User(id=17, userName=d1ce73b5-7e76-4a29-9ed4-f5f1b5abe2a0, sex=false), datatype=class com.weihua.pojo.User)
2025-03-30T20:33:54,502 [pool-2-thread-8] INFO  com.weihua.consumer.ConsumerTest - 从服务端得到的user=User(id=7, userName=55a5c497-5f48-4ba2-99cf-996013f445e2, sex=false)
2025-03-30T20:33:54,501 [pool-2-thread-4] INFO  com.weihua.consumer.ConsumerTest - 从服务端得到的user=User(id=3, userName=628f5993-6df0-44e2-86d0-c6177b0dee20, sex=false)
2025-03-30T20:33:54,500 [pool-2-thread-3] INFO  com.weihua.client.rpcClient.impl.NettyRpcClient - RpcResponse(code=200, message=null, data=User(id=2, userName=e7138c8d-1f45-47f4-8080-583fb9ffa5b5, sex=true), datatype=class com.weihua.pojo.User)
2025-03-30T20:33:54,502 [pool-2-thread-18] INFO  com.weihua.consumer.ConsumerTest - 从服务端得到的user=User(id=17, userName=d1ce73b5-7e76-4a29-9ed4-f5f1b5abe2a0, sex=false)
2025-03-30T20:33:54,502 [pool-2-thread-3] INFO  com.weihua.consumer.ConsumerTest - 从服务端得到的user=User(id=2, userName=e7138c8d-1f45-47f4-8080-583fb9ffa5b5, sex=true)
2025-03-30T20:33:54,502 [pool-2-thread-17] INFO  com.weihua.client.rpcClient.impl.NettyRpcClient - RpcResponse(code=200, message=null, data=User(id=16, userName=7a620e20-356c-49b8-8ac5-0040b57a3323, sex=true), datatype=class com.weihua.pojo.User)
2025-03-30T20:33:54,502 [pool-2-thread-17] INFO  com.weihua.consumer.ConsumerTest - 从服务端得到的user=User(id=16, userName=7a620e20-356c-49b8-8ac5-0040b57a3323, sex=true)
2025-03-30T20:33:54,500 [pool-2-thread-12] INFO  com.weihua.client.rpcClient.impl.NettyRpcClient - RpcResponse(code=200, message=null, data=User(id=11, userName=91b8e5cd-e9c0-452d-9bac-48e45f306d9c, sex=true), datatype=class com.weihua.pojo.User)
2025-03-30T20:33:54,502 [pool-2-thread-12] INFO  com.weihua.consumer.ConsumerTest - 从服务端得到的user=User(id=11, userName=91b8e5cd-e9c0-452d-9bac-48e45f306d9c, sex=true)
2025-03-30T20:33:54,502 [pool-2-thread-16] INFO  com.weihua.client.rpcClient.impl.NettyRpcClient - RpcResponse(code=200, message=null, data=User(id=15, userName=79bdd303-64df-45d1-9a32-fdde940d5452, sex=false), datatype=class com.weihua.pojo.User)
2025-03-30T20:33:54,500 [pool-2-thread-9] INFO  com.weihua.client.rpcClient.impl.NettyRpcClient - RpcResponse(code=200, message=null, data=User(id=8, userName=ecd1117f-04dd-4add-bc15-01eeba1b27ae, sex=false), datatype=class com.weihua.pojo.User)
2025-03-30T20:33:54,502 [pool-2-thread-11] INFO  com.weihua.client.rpcClient.impl.NettyRpcClient - RpcResponse(code=200, message=null, data=User(id=10, userName=fe7239ab-de4a-4145-9247-6afe3ed80770, sex=true), datatype=class com.weihua.pojo.User)
2025-03-30T20:33:54,502 [pool-2-thread-16] INFO  com.weihua.consumer.ConsumerTest - 从服务端得到的user=User(id=15, userName=79bdd303-64df-45d1-9a32-fdde940d5452, sex=false)
2025-03-30T20:33:54,503 [pool-2-thread-9] INFO  com.weihua.consumer.ConsumerTest - 从服务端得到的user=User(id=8, userName=ecd1117f-04dd-4add-bc15-01eeba1b27ae, sex=false)
2025-03-30T20:33:54,502 [pool-2-thread-6] INFO  com.weihua.client.rpcClient.impl.NettyRpcClient - RpcResponse(code=200, message=null, data=User(id=5, userName=03403911-9ac8-4284-bf65-f802496eb851, sex=true), datatype=class com.weihua.pojo.User)
2025-03-30T20:33:54,503 [pool-2-thread-5] INFO  com.weihua.client.rpcClient.impl.NettyRpcClient - RpcResponse(code=200, message=null, data=User(id=4, userName=7b61e24f-18e4-4486-8d40-829435f54802, sex=false), datatype=class com.weihua.pojo.User)
2025-03-30T20:33:54,503 [pool-2-thread-11] INFO  com.weihua.consumer.ConsumerTest - 从服务端得到的user=User(id=10, userName=fe7239ab-de4a-4145-9247-6afe3ed80770, sex=true)
2025-03-30T20:33:54,503 [pool-2-thread-5] INFO  com.weihua.consumer.ConsumerTest - 从服务端得到的user=User(id=4, userName=7b61e24f-18e4-4486-8d40-829435f54802, sex=false)
2025-03-30T20:33:54,500 [pool-2-thread-1] INFO  com.weihua.client.rpcClient.impl.NettyRpcClient - RpcResponse(code=200, message=null, data=User(id=0, userName=2f371dbf-e36d-4445-aca0-92200741886c, sex=false), datatype=class com.weihua.pojo.User)
2025-03-30T20:33:54,503 [pool-2-thread-1] INFO  com.weihua.consumer.ConsumerTest - 从服务端得到的user=User(id=0, userName=2f371dbf-e36d-4445-aca0-92200741886c, sex=false)
2025-03-30T20:33:54,503 [pool-2-thread-6] INFO  com.weihua.consumer.ConsumerTest - 从服务端得到的user=User(id=5, userName=03403911-9ac8-4284-bf65-f802496eb851, sex=true)
2025-03-30T20:33:54,509 [pool-2-thread-2] INFO  com.weihua.client.rpcClient.impl.NettyRpcClient - RpcResponse(code=200, message=null, data=1, datatype=class java.lang.Integer)
2025-03-30T20:33:54,509 [pool-2-thread-20] INFO  com.weihua.client.rpcClient.impl.NettyRpcClient - RpcResponse(code=200, message=null, data=19, datatype=class java.lang.Integer)
2025-03-30T20:33:54,509 [pool-2-thread-2] INFO  com.weihua.consumer.ConsumerTest - 向服务端插入user的id=1
2025-03-30T20:33:54,509 [pool-2-thread-13] INFO  com.weihua.client.rpcClient.impl.NettyRpcClient - RpcResponse(code=200, message=null, data=12, datatype=class java.lang.Integer)
2025-03-30T20:33:54,509 [pool-2-thread-13] INFO  com.weihua.consumer.ConsumerTest - 向服务端插入user的id=12
2025-03-30T20:33:54,509 [pool-2-thread-20] INFO  com.weihua.consumer.ConsumerTest - 向服务端插入user的id=19
2025-03-30T20:33:54,511 [pool-2-thread-10] INFO  com.weihua.client.rpcClient.impl.NettyRpcClient - RpcResponse(code=200, message=null, data=9, datatype=class java.lang.Integer)
2025-03-30T20:33:54,511 [pool-2-thread-10] INFO  com.weihua.consumer.ConsumerTest - 向服务端插入user的id=9
2025-03-30T20:33:54,512 [pool-2-thread-15] INFO  com.weihua.client.rpcClient.impl.NettyRpcClient - RpcResponse(code=200, message=null, data=14, datatype=class java.lang.Integer)
2025-03-30T20:33:54,512 [pool-2-thread-15] INFO  com.weihua.consumer.ConsumerTest - 向服务端插入user的id=14
2025-03-30T20:33:54,513 [pool-2-thread-19] INFO  com.weihua.client.rpcClient.impl.NettyRpcClient - RpcResponse(code=200, message=null, data=18, datatype=class java.lang.Integer)
2025-03-30T20:33:54,513 [pool-2-thread-7] INFO  com.weihua.client.rpcClient.impl.NettyRpcClient - RpcResponse(code=200, message=null, data=6, datatype=class java.lang.Integer)
2025-03-30T20:33:54,513 [pool-2-thread-7] INFO  com.weihua.consumer.ConsumerTest - 向服务端插入user的id=6
2025-03-30T20:33:54,513 [pool-2-thread-14] INFO  com.weihua.client.rpcClient.impl.NettyRpcClient - RpcResponse(code=200, message=null, data=13, datatype=class java.lang.Integer)
2025-03-30T20:33:54,513 [pool-2-thread-4] INFO  com.weihua.client.rpcClient.impl.NettyRpcClient - RpcResponse(code=200, message=null, data=3, datatype=class java.lang.Integer)
2025-03-30T20:33:54,513 [pool-2-thread-14] INFO  com.weihua.consumer.ConsumerTest - 向服务端插入user的id=13
2025-03-30T20:33:54,513 [pool-2-thread-4] INFO  com.weihua.consumer.ConsumerTest - 向服务端插入user的id=3
2025-03-30T20:33:54,513 [pool-2-thread-19] INFO  com.weihua.consumer.ConsumerTest - 向服务端插入user的id=18
2025-03-30T20:33:54,514 [pool-2-thread-18] INFO  com.weihua.client.rpcClient.impl.NettyRpcClient - RpcResponse(code=200, message=null, data=17, datatype=class java.lang.Integer)
2025-03-30T20:33:54,514 [pool-2-thread-18] INFO  com.weihua.consumer.ConsumerTest - 向服务端插入user的id=17
2025-03-30T20:33:54,515 [pool-2-thread-3] INFO  com.weihua.client.rpcClient.impl.NettyRpcClient - RpcResponse(code=200, message=null, data=2, datatype=class java.lang.Integer)
2025-03-30T20:33:54,515 [pool-2-thread-3] INFO  com.weihua.consumer.ConsumerTest - 向服务端插入user的id=2
2025-03-30T20:33:54,516 [pool-2-thread-17] INFO  com.weihua.client.rpcClient.impl.NettyRpcClient - RpcResponse(code=200, message=null, data=16, datatype=class java.lang.Integer)
2025-03-30T20:33:54,516 [pool-2-thread-17] INFO  com.weihua.consumer.ConsumerTest - 向服务端插入user的id=16
2025-03-30T20:33:54,516 [pool-2-thread-12] INFO  com.weihua.client.rpcClient.impl.NettyRpcClient - RpcResponse(code=200, message=null, data=11, datatype=class java.lang.Integer)
2025-03-30T20:33:54,517 [pool-2-thread-12] INFO  com.weihua.consumer.ConsumerTest - 向服务端插入user的id=11
2025-03-30T20:33:54,518 [pool-2-thread-16] INFO  com.weihua.client.rpcClient.impl.NettyRpcClient - RpcResponse(code=200, message=null, data=15, datatype=class java.lang.Integer)
2025-03-30T20:33:54,519 [pool-2-thread-16] INFO  com.weihua.consumer.ConsumerTest - 向服务端插入user的id=15
2025-03-30T20:33:54,519 [pool-2-thread-9] INFO  com.weihua.client.rpcClient.impl.NettyRpcClient - RpcResponse(code=200, message=null, data=8, datatype=class java.lang.Integer)
2025-03-30T20:33:54,519 [pool-2-thread-9] INFO  com.weihua.consumer.ConsumerTest - 向服务端插入user的id=8
2025-03-30T20:33:54,520 [pool-2-thread-8] INFO  com.weihua.client.rpcClient.impl.NettyRpcClient - RpcResponse(code=200, message=null, data=7, datatype=class java.lang.Integer)
2025-03-30T20:33:54,520 [pool-2-thread-8] INFO  com.weihua.consumer.ConsumerTest - 向服务端插入user的id=7
2025-03-30T20:33:54,520 [pool-2-thread-11] INFO  com.weihua.client.rpcClient.impl.NettyRpcClient - RpcResponse(code=200, message=null, data=10, datatype=class java.lang.Integer)
2025-03-30T20:33:54,520 [pool-2-thread-11] INFO  com.weihua.consumer.ConsumerTest - 向服务端插入user的id=10
2025-03-30T20:33:54,521 [pool-2-thread-13] INFO  com.weihua.client.rpcClient.impl.NettyRpcClient - RpcResponse(code=200, message=null, data=User(id=20, userName=f8ee32b3-eb9a-4f76-990e-ffa22182d1ff, sex=true), datatype=class com.weihua.pojo.User)
2025-03-30T20:33:54,521 [pool-2-thread-13] INFO  com.weihua.consumer.ConsumerTest - 从服务端得到的user=User(id=20, userName=f8ee32b3-eb9a-4f76-990e-ffa22182d1ff, sex=true)
2025-03-30T20:33:54,522 [pool-2-thread-6] INFO  com.weihua.client.rpcClient.impl.NettyRpcClient - RpcResponse(code=200, message=null, data=5, datatype=class java.lang.Integer)
2025-03-30T20:33:54,522 [pool-2-thread-6] INFO  com.weihua.consumer.ConsumerTest - 向服务端插入user的id=5
2025-03-30T20:33:54,523 [pool-2-thread-20] INFO  com.weihua.client.rpcClient.impl.NettyRpcClient - RpcResponse(code=200, message=null, data=User(id=22, userName=727d59ae-e87c-4139-a27c-230464a8a625, sex=false), datatype=class com.weihua.pojo.User)
2025-03-30T20:33:54,523 [pool-2-thread-20] INFO  com.weihua.consumer.ConsumerTest - 从服务端得到的user=User(id=22, userName=727d59ae-e87c-4139-a27c-230464a8a625, sex=false)
2025-03-30T20:33:54,523 [pool-2-thread-10] INFO  com.weihua.client.rpcClient.impl.NettyRpcClient - RpcResponse(code=200, message=null, data=User(id=23, userName=f293f738-fe55-454b-9f71-db75181bae0c, sex=true), datatype=class com.weihua.pojo.User)
2025-03-30T20:33:54,523 [pool-2-thread-10] INFO  com.weihua.consumer.ConsumerTest - 从服务端得到的user=User(id=23, userName=f293f738-fe55-454b-9f71-db75181bae0c, sex=true)
2025-03-30T20:33:54,524 [pool-2-thread-14] INFO  com.weihua.client.rpcClient.impl.NettyRpcClient - RpcResponse(code=200, message=null, data=User(id=26, userName=a42472a0-1f8c-4000-93fe-aed8e25d0272, sex=true), datatype=class com.weihua.pojo.User)
2025-03-30T20:33:54,524 [pool-2-thread-14] INFO  com.weihua.consumer.ConsumerTest - 从服务端得到的user=User(id=26, userName=a42472a0-1f8c-4000-93fe-aed8e25d0272, sex=true)
2025-03-30T20:33:54,525 [pool-2-thread-5] INFO  com.weihua.client.rpcClient.impl.NettyRpcClient - RpcResponse(code=200, message=null, data=4, datatype=class java.lang.Integer)
2025-03-30T20:33:54,525 [pool-2-thread-5] INFO  com.weihua.consumer.ConsumerTest - 向服务端插入user的id=4
2025-03-30T20:33:54,525 [pool-2-thread-1] INFO  com.weihua.client.rpcClient.impl.NettyRpcClient - RpcResponse(code=500, message=服务器发送内部错误, data=null, datatype=null)
2025-03-30T20:33:54,525 [pool-2-thread-1] WARN  com.weihua.consumer.ConsumerTest - 插入失败，返回的id为null, userId=0
2025-03-30T20:33:54,525 [pool-2-thread-2] INFO  com.weihua.client.rpcClient.impl.NettyRpcClient - RpcResponse(code=200, message=null, data=User(id=21, userName=56e9017a-931c-4bb9-8e82-3c0478d5b932, sex=true), datatype=class com.weihua.pojo.User)
2025-03-30T20:33:54,525 [pool-2-thread-2] INFO  com.weihua.consumer.ConsumerTest - 从服务端得到的user=User(id=21, userName=56e9017a-931c-4bb9-8e82-3c0478d5b932, sex=true)
2025-03-30T20:33:54,525 [pool-2-thread-15] INFO  com.weihua.client.rpcClient.impl.NettyRpcClient - RpcResponse(code=500, message=服务器发送内部错误, data=null, datatype=null)
2025-03-30T20:33:54,526 [pool-2-thread-15] WARN  com.weihua.consumer.ConsumerTest - 获取的 user 为 null, userId=24
2025-03-30T20:33:54,526 [pool-2-thread-7] INFO  com.weihua.client.rpcClient.impl.NettyRpcClient - RpcResponse(code=200, message=null, data=User(id=25, userName=f67d86f0-bca2-4835-ab70-af9b851fe4b6, sex=false), datatype=class com.weihua.pojo.User)
2025-03-30T20:33:54,526 [pool-2-thread-4] INFO  com.weihua.client.rpcClient.impl.NettyRpcClient - RpcResponse(code=200, message=null, data=User(id=27, userName=04823076-6fb0-4b43-87a2-75412c4edd0e, sex=true), datatype=class com.weihua.pojo.User)
2025-03-30T20:33:54,526 [pool-2-thread-7] INFO  com.weihua.consumer.ConsumerTest - 从服务端得到的user=User(id=25, userName=f67d86f0-bca2-4835-ab70-af9b851fe4b6, sex=false)
2025-03-30T20:33:54,527 [pool-2-thread-4] INFO  com.weihua.consumer.ConsumerTest - 从服务端得到的user=User(id=27, userName=04823076-6fb0-4b43-87a2-75412c4edd0e, sex=true)
2025-03-30T20:33:54,531 [pool-2-thread-18] INFO  com.weihua.client.rpcClient.impl.NettyRpcClient - RpcResponse(code=200, message=null, data=User(id=29, userName=c5b3c737-0776-41d6-9588-1451865dafa3, sex=false), datatype=class com.weihua.pojo.User)
2025-03-30T20:33:54,532 [pool-2-thread-18] INFO  com.weihua.consumer.ConsumerTest - 从服务端得到的user=User(id=29, userName=c5b3c737-0776-41d6-9588-1451865dafa3, sex=false)
2025-03-30T20:33:54,532 [pool-2-thread-19] INFO  com.weihua.client.rpcClient.impl.NettyRpcClient - RpcResponse(code=200, message=null, data=User(id=28, userName=daaf5b5d-2305-49ac-8a3e-f9374bce0cf4, sex=false), datatype=class com.weihua.pojo.User)
2025-03-30T20:33:54,532 [pool-2-thread-19] INFO  com.weihua.consumer.ConsumerTest - 从服务端得到的user=User(id=28, userName=daaf5b5d-2305-49ac-8a3e-f9374bce0cf4, sex=false)
2025-03-30T20:33:54,532 [pool-2-thread-17] INFO  com.weihua.client.rpcClient.impl.NettyRpcClient - RpcResponse(code=200, message=null, data=User(id=31, userName=31ef7179-ae9d-436f-8adc-a9f839002deb, sex=false), datatype=class com.weihua.pojo.User)
2025-03-30T20:33:54,532 [pool-2-thread-17] INFO  com.weihua.consumer.ConsumerTest - 从服务端得到的user=User(id=31, userName=31ef7179-ae9d-436f-8adc-a9f839002deb, sex=false)
2025-03-30T20:33:54,533 [pool-2-thread-12] INFO  com.weihua.client.rpcClient.impl.NettyRpcClient - RpcResponse(code=200, message=null, data=User(id=32, userName=aef7888b-f2f5-4adb-af56-93042dac4d97, sex=true), datatype=class com.weihua.pojo.User)
2025-03-30T20:33:54,533 [pool-2-thread-12] INFO  com.weihua.consumer.ConsumerTest - 从服务端得到的user=User(id=32, userName=aef7888b-f2f5-4adb-af56-93042dac4d97, sex=true)
2025-03-30T20:33:54,533 [pool-2-thread-8] INFO  com.weihua.client.rpcClient.impl.NettyRpcClient - RpcResponse(code=500, message=服务器发送内部错误, data=null, datatype=null)
2025-03-30T20:33:54,533 [pool-2-thread-8] WARN  com.weihua.consumer.ConsumerTest - 获取的 user 为 null, userId=35
2025-03-30T20:33:54,533 [pool-2-thread-16] INFO  com.weihua.client.rpcClient.impl.NettyRpcClient - RpcResponse(code=200, message=null, data=User(id=33, userName=b0cb42f7-9fa0-4cd8-92d1-03379b1b6bc0, sex=true), datatype=class com.weihua.pojo.User)
2025-03-30T20:33:54,533 [pool-2-thread-16] INFO  com.weihua.consumer.ConsumerTest - 从服务端得到的user=User(id=33, userName=b0cb42f7-9fa0-4cd8-92d1-03379b1b6bc0, sex=true)
2025-03-30T20:33:54,534 [pool-2-thread-9] INFO  com.weihua.client.rpcClient.impl.NettyRpcClient - RpcResponse(code=200, message=null, data=User(id=34, userName=6bcefdea-199a-4d0a-827f-7bde3b0adab9, sex=true), datatype=class com.weihua.pojo.User)
2025-03-30T20:33:54,534 [pool-2-thread-9] INFO  com.weihua.consumer.ConsumerTest - 从服务端得到的user=User(id=34, userName=6bcefdea-199a-4d0a-827f-7bde3b0adab9, sex=true)
2025-03-30T20:33:54,534 [pool-2-thread-3] INFO  com.weihua.client.rpcClient.impl.NettyRpcClient - RpcResponse(code=200, message=null, data=User(id=30, userName=0d91296f-376c-4965-82e8-f77dbec0dd3a, sex=false), datatype=class com.weihua.pojo.User)
2025-03-30T20:33:54,534 [pool-2-thread-3] INFO  com.weihua.consumer.ConsumerTest - 从服务端得到的user=User(id=30, userName=0d91296f-376c-4965-82e8-f77dbec0dd3a, sex=false)
2025-03-30T20:33:54,535 [pool-2-thread-13] INFO  com.weihua.client.rpcClient.impl.NettyRpcClient - RpcResponse(code=500, message=服务器发送内部错误, data=null, datatype=null)
2025-03-30T20:33:54,535 [pool-2-thread-13] WARN  com.weihua.consumer.ConsumerTest - 插入失败，返回的id为null, userId=20
2025-03-30T20:33:54,535 [pool-2-thread-11] INFO  com.weihua.client.rpcClient.impl.NettyRpcClient - RpcResponse(code=200, message=null, data=User(id=36, userName=dc993959-26f0-48f0-9d42-ba0d183c72f4, sex=false), datatype=class com.weihua.pojo.User)
2025-03-30T20:33:54,535 [pool-2-thread-11] INFO  com.weihua.consumer.ConsumerTest - 从服务端得到的user=User(id=36, userName=dc993959-26f0-48f0-9d42-ba0d183c72f4, sex=false)
2025-03-30T20:33:54,536 [pool-2-thread-10] INFO  com.weihua.client.rpcClient.impl.NettyRpcClient - RpcResponse(code=200, message=null, data=23, datatype=class java.lang.Integer)
2025-03-30T20:33:54,537 [pool-2-thread-10] INFO  com.weihua.consumer.ConsumerTest - 向服务端插入user的id=23
2025-03-30T20:33:54,538 [pool-2-thread-6] INFO  com.weihua.client.rpcClient.impl.NettyRpcClient - RpcResponse(code=200, message=null, data=User(id=37, userName=01210853-2266-421f-b8e9-48a3a2604685, sex=false), datatype=class com.weihua.pojo.User)
2025-03-30T20:33:54,538 [pool-2-thread-20] INFO  com.weihua.client.rpcClient.impl.NettyRpcClient - RpcResponse(code=200, message=null, data=22, datatype=class java.lang.Integer)
2025-03-30T20:33:54,538 [pool-2-thread-20] INFO  com.weihua.consumer.ConsumerTest - 向服务端插入user的id=22
2025-03-30T20:33:54,539 [pool-2-thread-5] INFO  com.weihua.client.rpcClient.impl.NettyRpcClient - RpcResponse(code=200, message=null, data=User(id=38, userName=db3092c4-6fa6-46d5-abce-7a47be992509, sex=false), datatype=class com.weihua.pojo.User)
2025-03-30T20:33:54,539 [pool-2-thread-14] INFO  com.weihua.client.rpcClient.impl.NettyRpcClient - RpcResponse(code=200, message=null, data=26, datatype=class java.lang.Integer)
2025-03-30T20:33:54,539 [pool-2-thread-7] INFO  com.weihua.client.rpcClient.impl.NettyRpcClient - RpcResponse(code=200, message=null, data=25, datatype=class java.lang.Integer)
2025-03-30T20:33:54,539 [pool-2-thread-5] INFO  com.weihua.consumer.ConsumerTest - 从服务端得到的user=User(id=38, userName=db3092c4-6fa6-46d5-abce-7a47be992509, sex=false)
2025-03-30T20:33:54,539 [pool-2-thread-14] INFO  com.weihua.consumer.ConsumerTest - 向服务端插入user的id=26
2025-03-30T20:33:54,539 [pool-2-thread-7] INFO  com.weihua.consumer.ConsumerTest - 向服务端插入user的id=25
2025-03-30T20:33:54,538 [pool-2-thread-6] INFO  com.weihua.consumer.ConsumerTest - 从服务端得到的user=User(id=37, userName=01210853-2266-421f-b8e9-48a3a2604685, sex=false)
2025-03-30T20:33:54,540 [pool-2-thread-1] INFO  com.weihua.client.rpcClient.impl.NettyRpcClient - RpcResponse(code=200, message=null, data=User(id=39, userName=2104a36e-6a3b-4185-88ae-9e0b792ad2c8, sex=false), datatype=class com.weihua.pojo.User)
2025-03-30T20:33:54,540 [pool-2-thread-1] INFO  com.weihua.consumer.ConsumerTest - 从服务端得到的user=User(id=39, userName=2104a36e-6a3b-4185-88ae-9e0b792ad2c8, sex=false)
2025-03-30T20:33:54,541 [pool-2-thread-2] INFO  com.weihua.client.rpcClient.impl.NettyRpcClient - RpcResponse(code=500, message=服务器发送内部错误, data=null, datatype=null)
2025-03-30T20:33:54,541 [pool-2-thread-2] WARN  com.weihua.consumer.ConsumerTest - 插入失败，返回的id为null, userId=21
2025-03-30T20:33:54,541 [pool-2-thread-2] WARN  com.weihua.consumer.ConsumerTest - 获取的 user 为 null, userId=45
2025-03-30T20:33:54,541 [pool-2-thread-2] WARN  com.weihua.consumer.ConsumerTest - 插入失败，返回的id为null, userId=45
2025-03-30T20:33:54,541 [pool-2-thread-2] WARN  com.weihua.consumer.ConsumerTest - 获取的 user 为 null, userId=46
2025-03-30T20:33:54,541 [pool-2-thread-2] WARN  com.weihua.consumer.ConsumerTest - 插入失败，返回的id为null, userId=46
2025-03-30T20:33:54,542 [pool-2-thread-2] WARN  com.weihua.consumer.ConsumerTest - 获取的 user 为 null, userId=47
2025-03-30T20:33:54,542 [pool-2-thread-2] WARN  com.weihua.consumer.ConsumerTest - 插入失败，返回的id为null, userId=47
2025-03-30T20:33:54,542 [pool-2-thread-2] WARN  com.weihua.consumer.ConsumerTest - 获取的 user 为 null, userId=48
2025-03-30T20:33:54,542 [pool-2-thread-2] WARN  com.weihua.consumer.ConsumerTest - 插入失败，返回的id为null, userId=48
2025-03-30T20:33:54,542 [pool-2-thread-2] WARN  com.weihua.consumer.ConsumerTest - 获取的 user 为 null, userId=49
2025-03-30T20:33:54,542 [pool-2-thread-2] WARN  com.weihua.consumer.ConsumerTest - 插入失败，返回的id为null, userId=49
2025-03-30T20:33:54,542 [pool-2-thread-2] WARN  com.weihua.consumer.ConsumerTest - 获取的 user 为 null, userId=50
2025-03-30T20:33:54,542 [pool-2-thread-2] WARN  com.weihua.consumer.ConsumerTest - 插入失败，返回的id为null, userId=50
2025-03-30T20:33:54,542 [pool-2-thread-2] WARN  com.weihua.consumer.ConsumerTest - 获取的 user 为 null, userId=51
2025-03-30T20:33:54,542 [pool-2-thread-2] WARN  com.weihua.consumer.ConsumerTest - 插入失败，返回的id为null, userId=51
2025-03-30T20:33:54,542 [pool-2-thread-2] WARN  com.weihua.consumer.ConsumerTest - 获取的 user 为 null, userId=52
2025-03-30T20:33:54,542 [pool-2-thread-2] WARN  com.weihua.consumer.ConsumerTest - 插入失败，返回的id为null, userId=52
2025-03-30T20:33:54,542 [pool-2-thread-2] WARN  com.weihua.consumer.ConsumerTest - 获取的 user 为 null, userId=53
2025-03-30T20:33:54,543 [pool-2-thread-2] WARN  com.weihua.consumer.ConsumerTest - 插入失败，返回的id为null, userId=53
2025-03-30T20:33:54,543 [pool-2-thread-2] WARN  com.weihua.consumer.ConsumerTest - 获取的 user 为 null, userId=54
2025-03-30T20:33:54,543 [pool-2-thread-2] WARN  com.weihua.consumer.ConsumerTest - 插入失败，返回的id为null, userId=54
2025-03-30T20:33:54,543 [pool-2-thread-2] WARN  com.weihua.consumer.ConsumerTest - 获取的 user 为 null, userId=55
2025-03-30T20:33:54,543 [pool-2-thread-2] WARN  com.weihua.consumer.ConsumerTest - 插入失败，返回的id为null, userId=55
2025-03-30T20:33:54,543 [pool-2-thread-2] WARN  com.weihua.consumer.ConsumerTest - 获取的 user 为 null, userId=56
2025-03-30T20:33:54,543 [pool-2-thread-2] WARN  com.weihua.consumer.ConsumerTest - 插入失败，返回的id为null, userId=56
2025-03-30T20:33:54,543 [pool-2-thread-2] WARN  com.weihua.consumer.ConsumerTest - 获取的 user 为 null, userId=57
2025-03-30T20:33:54,543 [pool-2-thread-2] WARN  com.weihua.consumer.ConsumerTest - 插入失败，返回的id为null, userId=57
2025-03-30T20:33:54,543 [pool-2-thread-2] WARN  com.weihua.consumer.ConsumerTest - 获取的 user 为 null, userId=58
2025-03-30T20:33:54,543 [pool-2-thread-2] WARN  com.weihua.consumer.ConsumerTest - 插入失败，返回的id为null, userId=58
2025-03-30T20:33:54,543 [pool-2-thread-2] WARN  com.weihua.consumer.ConsumerTest - 获取的 user 为 null, userId=59
2025-03-30T20:33:54,543 [pool-2-thread-2] WARN  com.weihua.consumer.ConsumerTest - 插入失败，返回的id为null, userId=59
2025-03-30T20:33:54,544 [pool-2-thread-2] WARN  com.weihua.consumer.ConsumerTest - 获取的 user 为 null, userId=60
2025-03-30T20:33:54,544 [pool-2-thread-2] WARN  com.weihua.consumer.ConsumerTest - 插入失败，返回的id为null, userId=60
2025-03-30T20:33:54,544 [pool-2-thread-2] WARN  com.weihua.consumer.ConsumerTest - 获取的 user 为 null, userId=61
2025-03-30T20:33:54,544 [pool-2-thread-15] INFO  com.weihua.client.rpcClient.impl.NettyRpcClient - RpcResponse(code=200, message=null, data=24, datatype=class java.lang.Integer)
2025-03-30T20:33:54,544 [pool-2-thread-4] INFO  com.weihua.client.rpcClient.impl.NettyRpcClient - RpcResponse(code=500, message=服务器发送内部错误, data=null, datatype=null)
2025-03-30T20:33:54,544 [pool-2-thread-2] WARN  com.weihua.consumer.ConsumerTest - 插入失败，返回的id为null, userId=61
2025-03-30T20:33:54,544 [pool-2-thread-15] INFO  com.weihua.consumer.ConsumerTest - 向服务端插入user的id=24
2025-03-30T20:33:54,544 [pool-2-thread-15] WARN  com.weihua.consumer.ConsumerTest - 获取的 user 为 null, userId=63
2025-03-30T20:33:54,544 [pool-2-thread-15] WARN  com.weihua.consumer.ConsumerTest - 插入失败，返回的id为null, userId=63
2025-03-30T20:33:54,544 [pool-2-thread-4] WARN  com.weihua.consumer.ConsumerTest - 插入失败，返回的id为null, userId=27
2025-03-30T20:33:54,544 [pool-2-thread-16] INFO  com.weihua.client.rpcClient.impl.NettyRpcClient - RpcResponse(code=200, message=null, data=33, datatype=class java.lang.Integer)
2025-03-30T20:33:54,544 [pool-2-thread-16] INFO  com.weihua.consumer.ConsumerTest - 向服务端插入user的id=33
2025-03-30T20:33:54,544 [pool-2-thread-16] WARN  com.weihua.consumer.ConsumerTest - 获取的 user 为 null, userId=66
2025-03-30T20:33:54,544 [pool-2-thread-16] WARN  com.weihua.consumer.ConsumerTest - 插入失败，返回的id为null, userId=66
2025-03-30T20:33:54,544 [pool-2-thread-2] WARN  com.weihua.consumer.ConsumerTest - 获取的 user 为 null, userId=62
2025-03-30T20:33:54,545 [pool-2-thread-4] WARN  com.weihua.consumer.ConsumerTest - 获取的 user 为 null, userId=65
2025-03-30T20:33:54,544 [pool-2-thread-12] INFO  com.weihua.client.rpcClient.impl.NettyRpcClient - RpcResponse(code=200, message=null, data=32, datatype=class java.lang.Integer)
2025-03-30T20:33:54,544 [pool-2-thread-15] WARN  com.weihua.consumer.ConsumerTest - 获取的 user 为 null, userId=64
2025-03-30T20:33:54,545 [pool-2-thread-15] WARN  com.weihua.consumer.ConsumerTest - 插入失败，返回的id为null, userId=64
2025-03-30T20:33:54,545 [pool-2-thread-12] INFO  com.weihua.consumer.ConsumerTest - 向服务端插入user的id=32
2025-03-30T20:33:54,545 [pool-2-thread-15] WARN  com.weihua.consumer.ConsumerTest - 获取的 user 为 null, userId=68
2025-03-30T20:33:54,545 [pool-2-thread-12] WARN  com.weihua.consumer.ConsumerTest - 获取的 user 为 null, userId=69
2025-03-30T20:33:54,545 [pool-2-thread-15] WARN  com.weihua.consumer.ConsumerTest - 插入失败，返回的id为null, userId=68
2025-03-30T20:33:54,545 [pool-2-thread-12] WARN  com.weihua.consumer.ConsumerTest - 插入失败，返回的id为null, userId=69
2025-03-30T20:33:54,545 [pool-2-thread-15] WARN  com.weihua.consumer.ConsumerTest - 获取的 user 为 null, userId=70
2025-03-30T20:33:54,545 [pool-2-thread-16] WARN  com.weihua.consumer.ConsumerTest - 获取的 user 为 null, userId=67
2025-03-30T20:33:54,546 [pool-2-thread-15] WARN  com.weihua.consumer.ConsumerTest - 插入失败，返回的id为null, userId=70
2025-03-30T20:33:54,546 [pool-2-thread-16] WARN  com.weihua.consumer.ConsumerTest - 插入失败，返回的id为null, userId=67
2025-03-30T20:33:54,546 [pool-2-thread-15] WARN  com.weihua.consumer.ConsumerTest - 获取的 user 为 null, userId=72
2025-03-30T20:33:54,546 [pool-2-thread-15] WARN  com.weihua.consumer.ConsumerTest - 插入失败，返回的id为null, userId=72
2025-03-30T20:33:54,546 [pool-2-thread-15] WARN  com.weihua.consumer.ConsumerTest - 获取的 user 为 null, userId=74
2025-03-30T20:33:54,546 [pool-2-thread-15] WARN  com.weihua.consumer.ConsumerTest - 插入失败，返回的id为null, userId=74
2025-03-30T20:33:54,544 [pool-2-thread-8] INFO  com.weihua.client.rpcClient.impl.NettyRpcClient - RpcResponse(code=200, message=null, data=35, datatype=class java.lang.Integer)
2025-03-30T20:33:54,545 [pool-2-thread-2] WARN  com.weihua.consumer.ConsumerTest - 插入失败，返回的id为null, userId=62
2025-03-30T20:33:54,546 [pool-2-thread-8] INFO  com.weihua.consumer.ConsumerTest - 向服务端插入user的id=35
2025-03-30T20:33:54,546 [pool-2-thread-2] WARN  com.weihua.consumer.ConsumerTest - 获取的 user 为 null, userId=76
2025-03-30T20:33:54,546 [pool-2-thread-8] WARN  com.weihua.consumer.ConsumerTest - 获取的 user 为 null, userId=77
2025-03-30T20:33:54,546 [pool-2-thread-2] WARN  com.weihua.consumer.ConsumerTest - 插入失败，返回的id为null, userId=76
2025-03-30T20:33:54,546 [pool-2-thread-8] WARN  com.weihua.consumer.ConsumerTest - 插入失败，返回的id为null, userId=77
2025-03-30T20:33:54,547 [pool-2-thread-2] WARN  com.weihua.consumer.ConsumerTest - 获取的 user 为 null, userId=78
2025-03-30T20:33:54,547 [pool-2-thread-8] WARN  com.weihua.consumer.ConsumerTest - 获取的 user 为 null, userId=79
2025-03-30T20:33:54,547 [pool-2-thread-2] WARN  com.weihua.consumer.ConsumerTest - 插入失败，返回的id为null, userId=78
2025-03-30T20:33:54,547 [pool-2-thread-8] WARN  com.weihua.consumer.ConsumerTest - 插入失败，返回的id为null, userId=79
2025-03-30T20:33:54,546 [pool-2-thread-16] WARN  com.weihua.consumer.ConsumerTest - 获取的 user 为 null, userId=73
2025-03-30T20:33:54,547 [pool-2-thread-8] WARN  com.weihua.consumer.ConsumerTest - 获取的 user 为 null, userId=81
2025-03-30T20:33:54,547 [pool-2-thread-16] WARN  com.weihua.consumer.ConsumerTest - 插入失败，返回的id为null, userId=73
2025-03-30T20:33:54,547 [pool-2-thread-17] INFO  com.weihua.client.rpcClient.impl.NettyRpcClient - RpcResponse(code=200, message=null, data=31, datatype=class java.lang.Integer)
2025-03-30T20:33:54,547 [pool-2-thread-17] INFO  com.weihua.consumer.ConsumerTest - 向服务端插入user的id=31
2025-03-30T20:33:54,547 [pool-2-thread-17] WARN  com.weihua.consumer.ConsumerTest - 获取的 user 为 null, userId=83
2025-03-30T20:33:54,547 [pool-2-thread-17] WARN  com.weihua.consumer.ConsumerTest - 插入失败，返回的id为null, userId=83
2025-03-30T20:33:54,546 [pool-2-thread-19] INFO  com.weihua.client.rpcClient.impl.NettyRpcClient - RpcResponse(code=200, message=null, data=28, datatype=class java.lang.Integer)
2025-03-30T20:33:54,546 [pool-2-thread-12] WARN  com.weihua.consumer.ConsumerTest - 获取的 user 为 null, userId=71
2025-03-30T20:33:54,548 [pool-2-thread-19] INFO  com.weihua.consumer.ConsumerTest - 向服务端插入user的id=28
2025-03-30T20:33:54,548 [pool-2-thread-12] WARN  com.weihua.consumer.ConsumerTest - 插入失败，返回的id为null, userId=71
2025-03-30T20:33:54,547 [pool-2-thread-2] WARN  com.weihua.consumer.ConsumerTest - 获取的 user 为 null, userId=80
2025-03-30T20:33:54,548 [pool-2-thread-12] WARN  com.weihua.consumer.ConsumerTest - 获取的 user 为 null, userId=86
2025-03-30T20:33:54,548 [pool-2-thread-2] WARN  com.weihua.consumer.ConsumerTest - 插入失败，返回的id为null, userId=80
2025-03-30T20:33:54,548 [pool-2-thread-18] INFO  com.weihua.client.rpcClient.impl.NettyRpcClient - RpcResponse(code=200, message=null, data=29, datatype=class java.lang.Integer)
2025-03-30T20:33:54,548 [pool-2-thread-2] WARN  com.weihua.consumer.ConsumerTest - 获取的 user 为 null, userId=87
2025-03-30T20:33:54,547 [pool-2-thread-16] WARN  com.weihua.consumer.ConsumerTest - 获取的 user 为 null, userId=82
2025-03-30T20:33:54,548 [pool-2-thread-2] WARN  com.weihua.consumer.ConsumerTest - 插入失败，返回的id为null, userId=87
2025-03-30T20:33:54,548 [pool-2-thread-18] INFO  com.weihua.consumer.ConsumerTest - 向服务端插入user的id=29
2025-03-30T20:33:54,548 [pool-2-thread-2] WARN  com.weihua.consumer.ConsumerTest - 获取的 user 为 null, userId=88
2025-03-30T20:33:54,548 [pool-2-thread-9] INFO  com.weihua.client.rpcClient.impl.NettyRpcClient - RpcResponse(code=500, message=服务器发送内部错误, data=null, datatype=null)
2025-03-30T20:33:54,548 [pool-2-thread-18] WARN  com.weihua.consumer.ConsumerTest - 获取的 user 为 null, userId=89
2025-03-30T20:33:54,548 [pool-2-thread-9] WARN  com.weihua.consumer.ConsumerTest - 插入失败，返回的id为null, userId=34
2025-03-30T20:33:54,548 [pool-2-thread-18] WARN  com.weihua.consumer.ConsumerTest - 插入失败，返回的id为null, userId=89
2025-03-30T20:33:54,545 [pool-2-thread-4] WARN  com.weihua.consumer.ConsumerTest - 插入失败，返回的id为null, userId=65
2025-03-30T20:33:54,547 [pool-2-thread-8] WARN  com.weihua.consumer.ConsumerTest - 插入失败，返回的id为null, userId=81
2025-03-30T20:33:54,548 [pool-2-thread-2] WARN  com.weihua.consumer.ConsumerTest - 插入失败，返回的id为null, userId=88
2025-03-30T20:33:54,550 [pool-2-thread-3] INFO  com.weihua.client.rpcClient.impl.NettyRpcClient - RpcResponse(code=200, message=null, data=30, datatype=class java.lang.Integer)
2025-03-30T20:33:54,550 [pool-2-thread-10] INFO  com.weihua.client.rpcClient.impl.NettyRpcClient - RpcResponse(code=200, message=null, data=User(id=41, userName=3816021c-d81f-49c2-b7ae-7c77a1bd62e9, sex=false), datatype=class com.weihua.pojo.User)
2025-03-30T20:33:54,548 [pool-2-thread-16] WARN  com.weihua.consumer.ConsumerTest - 插入失败，返回的id为null, userId=82
2025-03-30T20:33:54,550 [pool-2-thread-10] INFO  com.weihua.consumer.ConsumerTest - 从服务端得到的user=User(id=41, userName=3816021c-d81f-49c2-b7ae-7c77a1bd62e9, sex=false)
2025-03-30T20:33:54,550 [pool-2-thread-20] INFO  com.weihua.client.rpcClient.impl.NettyRpcClient - RpcResponse(code=200, message=null, data=User(id=42, userName=39e2a148-3ab1-4884-bde0-50882968dfeb, sex=true), datatype=class com.weihua.pojo.User)
2025-03-30T20:33:54,550 [pool-2-thread-10] WARN  com.weihua.consumer.ConsumerTest - 插入失败，返回的id为null, userId=41
2025-03-30T20:33:54,550 [pool-2-thread-20] INFO  com.weihua.consumer.ConsumerTest - 从服务端得到的user=User(id=42, userName=39e2a148-3ab1-4884-bde0-50882968dfeb, sex=true)
2025-03-30T20:33:54,550 [pool-2-thread-20] WARN  com.weihua.consumer.ConsumerTest - 插入失败，返回的id为null, userId=42
2025-03-30T20:33:54,550 [pool-2-thread-11] INFO  com.weihua.client.rpcClient.impl.NettyRpcClient - RpcResponse(code=500, message=服务器发送内部错误, data=null, datatype=null)
2025-03-30T20:33:54,550 [pool-2-thread-11] WARN  com.weihua.consumer.ConsumerTest - 插入失败，返回的id为null, userId=36
2025-03-30T20:33:54,551 [pool-2-thread-1] INFO  com.weihua.client.rpcClient.impl.NettyRpcClient - RpcResponse(code=500, message=服务器发送内部错误, data=null, datatype=null)
2025-03-30T20:33:54,551 [pool-2-thread-1] WARN  com.weihua.consumer.ConsumerTest - 插入失败，返回的id为null, userId=39
2025-03-30T20:33:54,551 [pool-2-thread-5] INFO  com.weihua.client.rpcClient.impl.NettyRpcClient - RpcResponse(code=500, message=服务器发送内部错误, data=null, datatype=null)
2025-03-30T20:33:54,551 [pool-2-thread-7] INFO  com.weihua.client.rpcClient.impl.NettyRpcClient - RpcResponse(code=200, message=null, data=User(id=44, userName=5566eb6b-fb97-4b4b-82e6-e507777f505e, sex=true), datatype=class com.weihua.pojo.User)
2025-03-30T20:33:54,551 [pool-2-thread-5] WARN  com.weihua.consumer.ConsumerTest - 插入失败，返回的id为null, userId=38
2025-03-30T20:33:54,551 [pool-2-thread-7] INFO  com.weihua.consumer.ConsumerTest - 从服务端得到的user=User(id=44, userName=5566eb6b-fb97-4b4b-82e6-e507777f505e, sex=true)
2025-03-30T20:33:54,551 [pool-2-thread-7] WARN  com.weihua.consumer.ConsumerTest - 插入失败，返回的id为null, userId=44
2025-03-30T20:33:54,551 [pool-2-thread-13] INFO  com.weihua.client.rpcClient.impl.NettyRpcClient - RpcResponse(code=500, message=服务器发送内部错误, data=null, datatype=null)
2025-03-30T20:33:54,548 [pool-2-thread-12] WARN  com.weihua.consumer.ConsumerTest - 插入失败，返回的id为null, userId=86
2025-03-30T20:33:54,551 [pool-2-thread-13] WARN  com.weihua.consumer.ConsumerTest - 获取的 user 为 null, userId=40
2025-03-30T20:33:54,551 [pool-2-thread-13] WARN  com.weihua.consumer.ConsumerTest - 插入失败，返回的id为null, userId=40
2025-03-30T20:33:54,548 [pool-2-thread-19] WARN  com.weihua.consumer.ConsumerTest - 获取的 user 为 null, userId=85
2025-03-30T20:33:54,551 [pool-2-thread-19] WARN  com.weihua.consumer.ConsumerTest - 插入失败，返回的id为null, userId=85
2025-03-30T20:33:54,547 [pool-2-thread-17] WARN  com.weihua.consumer.ConsumerTest - 获取的 user 为 null, userId=84
2025-03-30T20:33:54,551 [pool-2-thread-17] WARN  com.weihua.consumer.ConsumerTest - 插入失败，返回的id为null, userId=84
2025-03-30T20:33:54,551 [pool-2-thread-14] INFO  com.weihua.client.rpcClient.impl.NettyRpcClient - RpcResponse(code=200, message=null, data=User(id=43, userName=cb5f2b58-ad0b-4652-b260-644666dbd231, sex=false), datatype=class com.weihua.pojo.User)
2025-03-30T20:33:54,546 [pool-2-thread-15] WARN  com.weihua.consumer.ConsumerTest - 获取的 user 为 null, userId=75
2025-03-30T20:33:54,550 [pool-2-thread-3] INFO  com.weihua.consumer.ConsumerTest - 向服务端插入user的id=30
2025-03-30T20:33:54,552 [pool-2-thread-15] WARN  com.weihua.consumer.ConsumerTest - 插入失败，返回的id为null, userId=75
2025-03-30T20:33:54,552 [pool-2-thread-14] INFO  com.weihua.consumer.ConsumerTest - 从服务端得到的user=User(id=43, userName=cb5f2b58-ad0b-4652-b260-644666dbd231, sex=false)
2025-03-30T20:33:54,552 [pool-2-thread-6] INFO  com.weihua.client.rpcClient.impl.NettyRpcClient - RpcResponse(code=200, message=null, data=37, datatype=class java.lang.Integer)
2025-03-30T20:33:54,552 [pool-2-thread-14] WARN  com.weihua.consumer.ConsumerTest - 插入失败，返回的id为null, userId=43
2025-03-30T20:33:54,552 [pool-2-thread-6] INFO  com.weihua.consumer.ConsumerTest - 向服务端插入user的id=37
2025-03-30T20:33:54,558 [pool-2-thread-4] WARN  com.weihua.consumer.ConsumerTest - 获取的 user 为 null, userId=92
2025-03-30T20:33:54,558 [pool-2-thread-8] WARN  com.weihua.consumer.ConsumerTest - 获取的 user 为 null, userId=94
2025-03-30T20:33:54,558 [pool-2-thread-9] WARN  com.weihua.consumer.ConsumerTest - 获取的 user 为 null, userId=90
2025-03-30T20:33:54,558 [pool-2-thread-19] WARN  com.weihua.consumer.ConsumerTest - 获取的 user 为 null, userId=96
2025-03-30T20:33:54,558 [pool-2-thread-9] WARN  com.weihua.consumer.ConsumerTest - 插入失败，返回的id为null, userId=90
2025-03-30T20:33:54,558 [pool-2-thread-6] WARN  com.weihua.consumer.ConsumerTest - 获取的 user 为 null, userId=93
2025-03-30T20:33:54,558 [pool-2-thread-18] WARN  com.weihua.consumer.ConsumerTest - 获取的 user 为 null, userId=91
2025-03-30T20:33:54,558 [pool-2-thread-13] WARN  com.weihua.consumer.ConsumerTest - 获取的 user 为 null, userId=97
2025-03-30T20:33:54,558 [pool-2-thread-4] WARN  com.weihua.consumer.ConsumerTest - 插入失败，返回的id为null, userId=92
2025-03-30T20:33:54,558 [pool-2-thread-2] WARN  com.weihua.consumer.ConsumerTest - 获取的 user 为 null, userId=98
2025-03-30T20:33:54,558 [pool-2-thread-8] WARN  com.weihua.consumer.ConsumerTest - 插入失败，返回的id为null, userId=94
2025-03-30T20:33:54,558 [pool-2-thread-15] WARN  com.weihua.consumer.ConsumerTest - 获取的 user 为 null, userId=99
2025-03-30T20:33:54,558 [pool-2-thread-19] WARN  com.weihua.consumer.ConsumerTest - 插入失败，返回的id为null, userId=96
2025-03-30T20:33:54,559 [pool-2-thread-13] WARN  com.weihua.consumer.ConsumerTest - 插入失败，返回的id为null, userId=97
2025-03-30T20:33:54,558 [pool-2-thread-14] WARN  com.weihua.consumer.ConsumerTest - 获取的 user 为 null, userId=95
2025-03-30T20:33:54,558 [pool-2-thread-6] WARN  com.weihua.consumer.ConsumerTest - 插入失败，返回的id为null, userId=93
2025-03-30T20:33:54,559 [pool-2-thread-18] WARN  com.weihua.consumer.ConsumerTest - 插入失败，返回的id为null, userId=91
2025-03-30T20:33:54,559 [pool-2-thread-2] WARN  com.weihua.consumer.ConsumerTest - 插入失败，返回的id为null, userId=98
2025-03-30T20:33:54,559 [pool-2-thread-15] WARN  com.weihua.consumer.ConsumerTest - 插入失败，返回的id为null, userId=99
2025-03-30T20:33:54,559 [pool-2-thread-14] WARN  com.weihua.consumer.ConsumerTest - 插入失败，返回的id为null, userId=95
